Determining if the pthread_create exist failed with the following output:
Change Dir: /home/ruslan/tp/CppProject/cmake-build-debug/CMakeFiles/CMakeTmp

Run Build Command:"/usr/bin/make" "cmTC_10ad9/fast"
/usr/bin/make -f CMakeFiles/cmTC_10ad9.dir/build.make CMakeFiles/cmTC_10ad9.dir/build
make[1]: вход в каталог «/home/ruslan/tp/CppProject/cmake-build-debug/CMakeFiles/CMakeTmp»
Building C object CMakeFiles/cmTC_10ad9.dir/CheckSymbolExists.c.o
/usr/bin/cc    -o CMakeFiles/cmTC_10ad9.dir/CheckSymbolExists.c.o   -c /home/ruslan/tp/CppProject/cmake-build-debug/CMakeFiles/CMakeTmp/CheckSymbolExists.c
Linking C executable cmTC_10ad9
/opt/clion-2018.2.5/bin/cmake/linux/bin/cmake -E cmake_link_script CMakeFiles/cmTC_10ad9.dir/link.txt --verbose=1
/usr/bin/cc      -rdynamic CMakeFiles/cmTC_10ad9.dir/CheckSymbolExists.c.o  -o cmTC_10ad9 
CMakeFiles/cmTC_10ad9.dir/CheckSymbolExists.c.o: In function `main':
CheckSymbolExists.c:(.text+0x1b): undefined reference to `pthread_create'
collect2: error: ld returned 1 exit status
CMakeFiles/cmTC_10ad9.dir/build.make:86: recipe for target 'cmTC_10ad9' failed
make[1]: *** [cmTC_10ad9] Error 1
make[1]: выход из каталога «/home/ruslan/tp/CppProject/cmake-build-debug/CMakeFiles/CMakeTmp»
Makefile:121: recipe for target 'cmTC_10ad9/fast' failed
make: *** [cmTC_10ad9/fast] Error 2

File /home/ruslan/tp/CppProject/cmake-build-debug/CMakeFiles/CMakeTmp/CheckSymbolExists.c:
/* */
#include <pthread.h>

int main(int argc, char** argv)
{
  (void)argv;
#ifndef pthread_create
  return ((int*)(&pthread_create))[argc];
#else
  (void)argc;
  return 0;
#endif
}

